-------------------------------------------------------------------------------
Test set: runners.Runner
-------------------------------------------------------------------------------
Tests run: 1, Failures: 1, Errors: 0, Skipped: 0, Time elapsed: 16.168 s <<< FAILURE! - in runners.Runner
Validate the Pagination Page cities content(TechGlobal Pagination Functionality)  Time elapsed: 15.68 s  <<< FAILURE!
org.junit.ComparisonFailure: expected:<[Sao ]Paulo> but was:<[]Paulo>

